/usr/src/common/socket_utils.h:112 createSocket() Mon Jan 13 00:35:26 2025 configuration:SocketCfg[ip:233.252.14.1 iface:lo port:20000 is_udp:1 is_listening:0 needs_SO_timestamp:0]
/usr/src/exchange/market_data/snapshot_synthesizer.cpp:130 run() Mon Jan 13 00:35:27 2025
/usr/src/exchange/market_data/snapshot_synthesizer.cpp:79 publishSnapshot() Mon Jan 13 00:35:27 2025 MDPMarketUpdate [ seq:0 MEMarketUpdate [ type:SNAPSHOT_START ticker:INVALID oid:0 side:INVALID qty:INVALID price:INVALID priority:INVALID]]
/usr/src/exchange/market_data/snapshot_synthesizer.cpp:96 publishSnapshot() Mon Jan 13 00:35:27 2025 MDPMarketUpdate [ seq:1 MEMarketUpdate [ type:CLEAR ticker:0 oid:INVALID side:INVALID qty:INVALID price:INVALID priority:INVALID]]
/usr/src/exchange/market_data/snapshot_synthesizer.cpp:96 publishSnapshot() Mon Jan 13 00:35:27 2025 MDPMarketUpdate [ seq:2 MEMarketUpdate [ type:CLEAR ticker:1 oid:INVALID side:INVALID qty:INVALID price:INVALID priority:INVALID]]
/usr/src/exchange/market_data/snapshot_synthesizer.cpp:96 publishSnapshot() Mon Jan 13 00:35:27 2025 MDPMarketUpdate [ seq:3 MEMarketUpdate [ type:CLEAR ticker:2 oid:INVALID side:INVALID qty:INVALID price:INVALID priority:INVALID]]
/usr/src/exchange/market_data/snapshot_synthesizer.cpp:96 publishSnapshot() Mon Jan 13 00:35:27 2025 MDPMarketUpdate [ seq:4 MEMarketUpdate [ type:CLEAR ticker:3 oid:INVALID side:INVALID qty:INVALID price:INVALID priority:INVALID]]
/usr/src/exchange/market_data/snapshot_synthesizer.cpp:96 publishSnapshot() Mon Jan 13 00:35:27 2025 MDPMarketUpdate [ seq:5 MEMarketUpdate [ type:CLEAR ticker:4 oid:INVALID side:INVALID qty:INVALID price:INVALID priority:INVALID]]
/usr/src/exchange/market_data/snapshot_synthesizer.cpp:96 publishSnapshot() Mon Jan 13 00:35:27 2025 MDPMarketUpdate [ seq:6 MEMarketUpdate [ type:CLEAR ticker:5 oid:INVALID side:INVALID qty:INVALID price:INVALID priority:INVALID]]
/usr/src/exchange/market_data/snapshot_synthesizer.cpp:96 publishSnapshot() Mon Jan 13 00:35:27 2025 MDPMarketUpdate [ seq:7 MEMarketUpdate [ type:CLEAR ticker:6 oid:INVALID side:INVALID qty:INVALID price:INVALID priority:INVALID]]
/usr/src/exchange/market_data/snapshot_synthesizer.cpp:96 publishSnapshot() Mon Jan 13 00:35:27 2025 MDPMarketUpdate [ seq:8 MEMarketUpdate [ type:CLEAR ticker:7 oid:INVALID side:INVALID qty:INVALID price:INVALID priority:INVALID]]
/usr/src/exchange/market_data/snapshot_synthesizer.cpp:122 publishSnapshot() Mon Jan 13 00:35:27 2025 MDPMarketUpdate [ seq:9 MEMarketUpdate [ type:SNAPSHOT_END ticker:INVALID oid:0 side:INVALID qty:INVALID price:INVALID priority:INVALID]]
/usr/src/common/mcast_socket.cpp:38 sendAndRecv() Mon Jan 13 00:35:27 2025 send socket:8 len:420
/usr/src/exchange/market_data/snapshot_synthesizer.cpp:126 publishSnapshot() Mon Jan 13 00:35:27 2025 Published snapshot of 9 orders.
/usr/src/exchange/market_data/snapshot_synthesizer.cpp:79 publishSnapshot() Mon Jan 13 00:36:27 2025 MDPMarketUpdate [ seq:0 MEMarketUpdate [ type:SNAPSHOT_START ticker:INVALID oid:0 side:INVALID qty:INVALID price:INVALID priority:INVALID]]
/usr/src/exchange/market_data/snapshot_synthesizer.cpp:96 publishSnapshot() Mon Jan 13 00:36:27 2025 MDPMarketUpdate [ seq:1 MEMarketUpdate [ type:CLEAR ticker:0 oid:INVALID side:INVALID qty:INVALID price:INVALID priority:INVALID]]
/usr/src/exchange/market_data/snapshot_synthesizer.cpp:96 publishSnapshot() Mon Jan 13 00:36:27 2025 MDPMarketUpdate [ seq:2 MEMarketUpdate [ type:CLEAR ticker:1 oid:INVALID side:INVALID qty:INVALID price:INVALID priority:INVALID]]
/usr/src/exchange/market_data/snapshot_synthesizer.cpp:96 publishSnapshot() Mon Jan 13 00:36:27 2025 MDPMarketUpdate [ seq:3 MEMarketUpdate [ type:CLEAR ticker:2 oid:INVALID side:INVALID qty:INVALID price:INVALID priority:INVALID]]
/usr/src/exchange/market_data/snapshot_synthesizer.cpp:96 publishSnapshot() Mon Jan 13 00:36:27 2025 MDPMarketUpdate [ seq:4 MEMarketUpdate [ type:CLEAR ticker:3 oid:INVALID side:INVALID qty:INVALID price:INVALID priority:INVALID]]
/usr/src/exchange/market_data/snapshot_synthesizer.cpp:96 publishSnapshot() Mon Jan 13 00:36:27 2025 MDPMarketUpdate [ seq:5 MEMarketUpdate [ type:CLEAR ticker:4 oid:INVALID side:INVALID qty:INVALID price:INVALID priority:INVALID]]
/usr/src/exchange/market_data/snapshot_synthesizer.cpp:96 publishSnapshot() Mon Jan 13 00:36:27 2025 MDPMarketUpdate [ seq:6 MEMarketUpdate [ type:CLEAR ticker:5 oid:INVALID side:INVALID qty:INVALID price:INVALID priority:INVALID]]
/usr/src/exchange/market_data/snapshot_synthesizer.cpp:96 publishSnapshot() Mon Jan 13 00:36:27 2025 MDPMarketUpdate [ seq:7 MEMarketUpdate [ type:CLEAR ticker:6 oid:INVALID side:INVALID qty:INVALID price:INVALID priority:INVALID]]
/usr/src/exchange/market_data/snapshot_synthesizer.cpp:96 publishSnapshot() Mon Jan 13 00:36:27 2025 MDPMarketUpdate [ seq:8 MEMarketUpdate [ type:CLEAR ticker:7 oid:INVALID side:INVALID qty:INVALID price:INVALID priority:INVALID]]
/usr/src/exchange/market_data/snapshot_synthesizer.cpp:122 publishSnapshot() Mon Jan 13 00:36:27 2025 MDPMarketUpdate [ seq:9 MEMarketUpdate [ type:SNAPSHOT_END ticker:INVALID oid:0 side:INVALID qty:INVALID price:INVALID priority:INVALID]]
/usr/src/common/mcast_socket.cpp:38 sendAndRecv() Mon Jan 13 00:36:27 2025 send socket:8 len:420
/usr/src/exchange/market_data/snapshot_synthesizer.cpp:126 publishSnapshot() Mon Jan 13 00:36:27 2025 Published snapshot of 9 orders.
