Creating TCPServer on iface:lo port:12345
/usr/src/socket_utils.h:112 createSocket() Wed Dec 18 11:22:31 2024 configuration:SocketCfg[ip: iface:lo port:12345 is_udp:0 is_listening:1 needs_SO_timestamp:1]
Connecting TCPClient-[0] on ip:127.0.0.1 iface:lo port:12345
/usr/src/socket_utils.h:112 createSocket() Wed Dec 18 11:22:31 2024 configuration:SocketCfg[ip:127.0.0.1 iface:lo port:12345 is_udp:0 is_listening:0 needs_SO_timestamp:1]
/usr/src/tcp_server.cpp:66 poll() Wed Dec 18 11:22:31 2024 EPOLLIN listener_socket:5
/usr/src/tcp_server.cpp:97 poll() Wed Dec 18 11:22:31 2024 have_new_connection
/usr/src/tcp_server.cpp:113 poll() Wed Dec 18 11:22:31 2024 accepted socket:7
/usr/src/tcp_server.cpp:97 poll() Wed Dec 18 11:22:31 2024 have_new_connection
Connecting TCPClient-[1] on ip:127.0.0.1 iface:lo port:12345
/usr/src/socket_utils.h:112 createSocket() Wed Dec 18 11:22:31 2024 configuration:SocketCfg[ip:127.0.0.1 iface:lo port:12345 is_udp:0 is_listening:0 needs_SO_timestamp:1]
/usr/src/tcp_server.cpp:66 poll() Wed Dec 18 11:22:31 2024 EPOLLIN listener_socket:5
/usr/src/tcp_server.cpp:97 poll() Wed Dec 18 11:22:31 2024 have_new_connection
/usr/src/tcp_server.cpp:113 poll() Wed Dec 18 11:22:31 2024 accepted socket:9
/usr/src/tcp_server.cpp:97 poll() Wed Dec 18 11:22:31 2024 have_new_connection
Connecting TCPClient-[2] on ip:127.0.0.1 iface:lo port:12345
/usr/src/socket_utils.h:112 createSocket() Wed Dec 18 11:22:31 2024 configuration:SocketCfg[ip:127.0.0.1 iface:lo port:12345 is_udp:0 is_listening:0 needs_SO_timestamp:1]
/usr/src/tcp_server.cpp:66 poll() Wed Dec 18 11:22:31 2024 EPOLLIN listener_socket:5
/usr/src/tcp_server.cpp:97 poll() Wed Dec 18 11:22:31 2024 have_new_connection
/usr/src/tcp_server.cpp:113 poll() Wed Dec 18 11:22:31 2024 accepted socket:11
/usr/src/tcp_server.cpp:97 poll() Wed Dec 18 11:22:31 2024 have_new_connection
Connecting TCPClient-[3] on ip:127.0.0.1 iface:lo port:12345
/usr/src/socket_utils.h:112 createSocket() Wed Dec 18 11:22:31 2024 configuration:SocketCfg[ip:127.0.0.1 iface:lo port:12345 is_udp:0 is_listening:0 needs_SO_timestamp:1]
/usr/src/tcp_server.cpp:66 poll() Wed Dec 18 11:22:31 2024 EPOLLIN listener_socket:5
/usr/src/tcp_server.cpp:97 poll() Wed Dec 18 11:22:31 2024 have_new_connection
/usr/src/tcp_server.cpp:113 poll() Wed Dec 18 11:22:31 2024 accepted socket:13
/usr/src/tcp_server.cpp:97 poll() Wed Dec 18 11:22:31 2024 have_new_connection
Connecting TCPClient-[4] on ip:127.0.0.1 iface:lo port:12345
/usr/src/socket_utils.h:112 createSocket() Wed Dec 18 11:22:31 2024 configuration:SocketCfg[ip:127.0.0.1 iface:lo port:12345 is_udp:0 is_listening:0 needs_SO_timestamp:1]
/usr/src/tcp_server.cpp:66 poll() Wed Dec 18 11:22:31 2024 EPOLLIN listener_socket:5
/usr/src/tcp_server.cpp:97 poll() Wed Dec 18 11:22:31 2024 have_new_connection
/usr/src/tcp_server.cpp:113 poll() Wed Dec 18 11:22:31 2024 accepted socket:15
/usr/src/tcp_server.cpp:97 poll() Wed Dec 18 11:22:31 2024 have_new_connection
Sending TCPClient-[0] CLIENT-[0] : Sending 0
/usr/src/tcp_socket.cpp:77 sendAndRecv() Wed Dec 18 11:22:31 2024 send socket:6 len:22
/usr/src/tcp_server.cpp:72 poll() Wed Dec 18 11:22:32 2024 EPOLLIN socket:7
/usr/src/tcp_socket.cpp:63 sendAndRecv() Wed Dec 18 11:22:32 2024 read socket:7 len:22 utime:1734520952330893889 ktime:1734520951830708000 diff:500185889
TCPServer::defaultRecvCallback() socket:7 len:22 rx:1734520951830708000
/usr/src/tcp_socket.cpp:77 sendAndRecv() Wed Dec 18 11:22:32 2024 send socket:7 len:45
TCPServer::defaultRecvFinishedCallback()
Sending TCPClient-[1] CLIENT-[1] : Sending 1
/usr/src/tcp_socket.cpp:77 sendAndRecv() Wed Dec 18 11:22:32 2024 send socket:8 len:22
/usr/src/tcp_server.cpp:72 poll() Wed Dec 18 11:22:32 2024 EPOLLIN socket:9
/usr/src/tcp_socket.cpp:63 sendAndRecv() Wed Dec 18 11:22:32 2024 read socket:9 len:22 utime:1734520952831201762 ktime:1734520952331041000 diff:500160762
TCPServer::defaultRecvCallback() socket:9 len:22 rx:1734520952331041000
/usr/src/tcp_socket.cpp:77 sendAndRecv() Wed Dec 18 11:22:32 2024 send socket:9 len:45
TCPServer::defaultRecvFinishedCallback()
Sending TCPClient-[2] CLIENT-[2] : Sending 2
/usr/src/tcp_socket.cpp:77 sendAndRecv() Wed Dec 18 11:22:32 2024 send socket:10 len:22
/usr/src/tcp_server.cpp:72 poll() Wed Dec 18 11:22:33 2024 EPOLLIN socket:11
/usr/src/tcp_socket.cpp:63 sendAndRecv() Wed Dec 18 11:22:33 2024 read socket:11 len:22 utime:1734520953331524557 ktime:1734520952831329000 diff:500195557
TCPServer::defaultRecvCallback() socket:11 len:22 rx:1734520952831329000
/usr/src/tcp_socket.cpp:77 sendAndRecv() Wed Dec 18 11:22:33 2024 send socket:11 len:45
TCPServer::defaultRecvFinishedCallback()
Sending TCPClient-[3] CLIENT-[3] : Sending 3
/usr/src/tcp_socket.cpp:77 sendAndRecv() Wed Dec 18 11:22:33 2024 send socket:12 len:22
/usr/src/tcp_server.cpp:72 poll() Wed Dec 18 11:22:33 2024 EPOLLIN socket:13
/usr/src/tcp_socket.cpp:63 sendAndRecv() Wed Dec 18 11:22:33 2024 read socket:13 len:22 utime:1734520953831832959 ktime:1734520953331650000 diff:500182959
TCPServer::defaultRecvCallback() socket:13 len:22 rx:1734520953331650000
/usr/src/tcp_socket.cpp:77 sendAndRecv() Wed Dec 18 11:22:33 2024 send socket:13 len:45
TCPServer::defaultRecvFinishedCallback()
Sending TCPClient-[4] CLIENT-[4] : Sending 4
/usr/src/tcp_socket.cpp:77 sendAndRecv() Wed Dec 18 11:22:33 2024 send socket:14 len:22
/usr/src/tcp_server.cpp:72 poll() Wed Dec 18 11:22:34 2024 EPOLLIN socket:15
/usr/src/tcp_socket.cpp:63 sendAndRecv() Wed Dec 18 11:22:34 2024 read socket:15 len:22 utime:1734520954332156735 ktime:1734520953831949000 diff:500207735
TCPServer::defaultRecvCallback() socket:15 len:22 rx:1734520953831949000
/usr/src/tcp_socket.cpp:77 sendAndRecv() Wed Dec 18 11:22:34 2024 send socket:15 len:45
TCPServer::defaultRecvFinishedCallback()
Sending TCPClient-[0] CLIENT-[0] : Sending 100
/usr/src/tcp_socket.cpp:63 sendAndRecv() Wed Dec 18 11:22:34 2024 read socket:6 len:45 utime:1734520954332319712 ktime:1734520952330958000 diff:2001361712
TCPSocket::defaultRecvCallback() socket:6 len:0 rx:1734520952330958000 msg:TCPServer received msg:CLIENT-[0] : Sending 0
/usr/src/tcp_socket.cpp:77 sendAndRecv() Wed Dec 18 11:22:34 2024 send socket:6 len:24
/usr/src/tcp_server.cpp:72 poll() Wed Dec 18 11:22:34 2024 EPOLLIN socket:7
/usr/src/tcp_socket.cpp:63 sendAndRecv() Wed Dec 18 11:22:34 2024 read socket:7 len:24 utime:1734520954832557757 ktime:1734520954332369000 diff:500188757
TCPServer::defaultRecvCallback() socket:7 len:24 rx:1734520954332369000
/usr/src/tcp_socket.cpp:77 sendAndRecv() Wed Dec 18 11:22:34 2024 send socket:7 len:47
TCPServer::defaultRecvFinishedCallback()
Sending TCPClient-[1] CLIENT-[1] : Sending 101
/usr/src/tcp_socket.cpp:63 sendAndRecv() Wed Dec 18 11:22:34 2024 read socket:8 len:45 utime:1734520954832716154 ktime:1734520952831269000 diff:2001447154
TCPSocket::defaultRecvCallback() socket:8 len:0 rx:1734520952831269000 msg:TCPServer received msg:CLIENT-[1] : Sending 1
/usr/src/tcp_socket.cpp:77 sendAndRecv() Wed Dec 18 11:22:34 2024 send socket:8 len:24
/usr/src/tcp_server.cpp:72 poll() Wed Dec 18 11:22:35 2024 EPOLLIN socket:9
/usr/src/tcp_socket.cpp:63 sendAndRecv() Wed Dec 18 11:22:35 2024 read socket:9 len:24 utime:1734520955332963606 ktime:1734520954832760000 diff:500203606
TCPServer::defaultRecvCallback() socket:9 len:24 rx:1734520954832760000
/usr/src/tcp_socket.cpp:77 sendAndRecv() Wed Dec 18 11:22:35 2024 send socket:9 len:47
TCPServer::defaultRecvFinishedCallback()
Sending TCPClient-[2] CLIENT-[2] : Sending 102
/usr/src/tcp_socket.cpp:63 sendAndRecv() Wed Dec 18 11:22:35 2024 read socket:10 len:45 utime:1734520955333131487 ktime:1734520953331587000 diff:2001544487
TCPSocket::defaultRecvCallback() socket:10 len:0 rx:1734520953331587000 msg:TCPServer received msg:CLIENT-[2] : Sending 2
/usr/src/tcp_socket.cpp:77 sendAndRecv() Wed Dec 18 11:22:35 2024 send socket:10 len:24
/usr/src/tcp_server.cpp:72 poll() Wed Dec 18 11:22:35 2024 EPOLLIN socket:11
/usr/src/tcp_socket.cpp:63 sendAndRecv() Wed Dec 18 11:22:35 2024 read socket:11 len:24 utime:1734520955833375063 ktime:1734520955333177000 diff:500198063
TCPServer::defaultRecvCallback() socket:11 len:24 rx:1734520955333177000
/usr/src/tcp_socket.cpp:77 sendAndRecv() Wed Dec 18 11:22:35 2024 send socket:11 len:47
TCPServer::defaultRecvFinishedCallback()
Sending TCPClient-[3] CLIENT-[3] : Sending 103
/usr/src/tcp_socket.cpp:63 sendAndRecv() Wed Dec 18 11:22:35 2024 read socket:12 len:45 utime:1734520955833447996 ktime:1734520953831891000 diff:2001556996
TCPSocket::defaultRecvCallback() socket:12 len:0 rx:1734520953831891000 msg:TCPServer received msg:CLIENT-[3] : Sending 3
/usr/src/tcp_socket.cpp:77 sendAndRecv() Wed Dec 18 11:22:35 2024 send socket:12 len:24
/usr/src/tcp_server.cpp:72 poll() Wed Dec 18 11:22:36 2024 EPOLLIN socket:13
/usr/src/tcp_socket.cpp:63 sendAndRecv() Wed Dec 18 11:22:36 2024 read socket:13 len:24 utime:1734520956333717001 ktime:1734520955833459000 diff:500258001
TCPServer::defaultRecvCallback() socket:13 len:24 rx:1734520955833459000
/usr/src/tcp_socket.cpp:77 sendAndRecv() Wed Dec 18 11:22:36 2024 send socket:13 len:47
TCPServer::defaultRecvFinishedCallback()
Sending TCPClient-[4] CLIENT-[4] : Sending 104
/usr/src/tcp_socket.cpp:63 sendAndRecv() Wed Dec 18 11:22:36 2024 read socket:14 len:45 utime:1734520956333842202 ktime:1734520954332241000 diff:2001601202
TCPSocket::defaultRecvCallback() socket:14 len:0 rx:1734520954332241000 msg:TCPServer received msg:CLIENT-[4] : Sending 4
/usr/src/tcp_socket.cpp:77 sendAndRecv() Wed Dec 18 11:22:36 2024 send socket:14 len:24
/usr/src/tcp_server.cpp:72 poll() Wed Dec 18 11:22:36 2024 EPOLLIN socket:15
/usr/src/tcp_socket.cpp:63 sendAndRecv() Wed Dec 18 11:22:36 2024 read socket:15 len:24 utime:1734520956834035675 ktime:1734520956333874000 diff:500161675
TCPServer::defaultRecvCallback() socket:15 len:24 rx:1734520956333874000
/usr/src/tcp_socket.cpp:77 sendAndRecv() Wed Dec 18 11:22:36 2024 send socket:15 len:47
TCPServer::defaultRecvFinishedCallback()
Sending TCPClient-[0] CLIENT-[0] : Sending 200
/usr/src/tcp_socket.cpp:63 sendAndRecv() Wed Dec 18 11:22:36 2024 read socket:6 len:47 utime:1734520956834117236 ktime:1734520954832633000 diff:2001484236
TCPSocket::defaultRecvCallback() socket:6 len:0 rx:1734520954832633000 msg:TCPServer received msg:CLIENT-[0] : Sending 100
/usr/src/tcp_socket.cpp:77 sendAndRecv() Wed Dec 18 11:22:36 2024 send socket:6 len:24
/usr/src/tcp_server.cpp:72 poll() Wed Dec 18 11:22:37 2024 EPOLLIN socket:7
/usr/src/tcp_socket.cpp:63 sendAndRecv() Wed Dec 18 11:22:37 2024 read socket:7 len:24 utime:1734520957334376677 ktime:1734520956834136000 diff:500240677
TCPServer::defaultRecvCallback() socket:7 len:24 rx:1734520956834136000
/usr/src/tcp_socket.cpp:77 sendAndRecv() Wed Dec 18 11:22:37 2024 send socket:7 len:47
TCPServer::defaultRecvFinishedCallback()
Sending TCPClient-[1] CLIENT-[1] : Sending 201
/usr/src/tcp_socket.cpp:63 sendAndRecv() Wed Dec 18 11:22:37 2024 read socket:8 len:47 utime:1734520957334538283 ktime:1734520955333046000 diff:2001492283
TCPSocket::defaultRecvCallback() socket:8 len:0 rx:1734520955333046000 msg:TCPServer received msg:CLIENT-[1] : Sending 101
/usr/src/tcp_socket.cpp:77 sendAndRecv() Wed Dec 18 11:22:37 2024 send socket:8 len:24
/usr/src/tcp_server.cpp:72 poll() Wed Dec 18 11:22:37 2024 EPOLLIN socket:9
/usr/src/tcp_socket.cpp:63 sendAndRecv() Wed Dec 18 11:22:37 2024 read socket:9 len:24 utime:1734520957834797087 ktime:1734520957334586000 diff:500211087
TCPServer::defaultRecvCallback() socket:9 len:24 rx:1734520957334586000
/usr/src/tcp_socket.cpp:77 sendAndRecv() Wed Dec 18 11:22:37 2024 send socket:9 len:47
TCPServer::defaultRecvFinishedCallback()
Sending TCPClient-[2] CLIENT-[2] : Sending 202
/usr/src/tcp_socket.cpp:63 sendAndRecv() Wed Dec 18 11:22:37 2024 read socket:10 len:47 utime:1734520957834923630 ktime:1734520955833413000 diff:2001510630
TCPSocket::defaultRecvCallback() socket:10 len:0 rx:1734520955833413000 msg:TCPServer received msg:CLIENT-[2] : Sending 102
/usr/src/tcp_socket.cpp:77 sendAndRecv() Wed Dec 18 11:22:37 2024 send socket:10 len:24
/usr/src/tcp_server.cpp:72 poll() Wed Dec 18 11:22:38 2024 EPOLLIN socket:11
/usr/src/tcp_socket.cpp:63 sendAndRecv() Wed Dec 18 11:22:38 2024 read socket:11 len:24 utime:1734520958335172104 ktime:1734520957834953000 diff:500219104
TCPServer::defaultRecvCallback() socket:11 len:24 rx:1734520957834953000
/usr/src/tcp_socket.cpp:77 sendAndRecv() Wed Dec 18 11:22:38 2024 send socket:11 len:47
TCPServer::defaultRecvFinishedCallback()
Sending TCPClient-[3] CLIENT-[3] : Sending 203
/usr/src/tcp_socket.cpp:63 sendAndRecv() Wed Dec 18 11:22:38 2024 read socket:12 len:47 utime:1734520958335300277 ktime:1734520956333780000 diff:2001520277
TCPSocket::defaultRecvCallback() socket:12 len:0 rx:1734520956333780000 msg:TCPServer received msg:CLIENT-[3] : Sending 103
/usr/src/tcp_socket.cpp:77 sendAndRecv() Wed Dec 18 11:22:38 2024 send socket:12 len:24
/usr/src/tcp_server.cpp:72 poll() Wed Dec 18 11:22:38 2024 EPOLLIN socket:13
/usr/src/tcp_socket.cpp:63 sendAndRecv() Wed Dec 18 11:22:38 2024 read socket:13 len:24 utime:1734520958835579771 ktime:1734520958335332000 diff:500247771
TCPServer::defaultRecvCallback() socket:13 len:24 rx:1734520958335332000
/usr/src/tcp_socket.cpp:77 sendAndRecv() Wed Dec 18 11:22:38 2024 send socket:13 len:47
TCPServer::defaultRecvFinishedCallback()
Sending TCPClient-[4] CLIENT-[4] : Sending 204
/usr/src/tcp_socket.cpp:63 sendAndRecv() Wed Dec 18 11:22:38 2024 read socket:14 len:47 utime:1734520958835736909 ktime:1734520956834078000 diff:2001658909
TCPSocket::defaultRecvCallback() socket:14 len:0 rx:1734520956834078000 msg:TCPServer received msg:CLIENT-[4] : Sending 104
/usr/src/tcp_socket.cpp:77 sendAndRecv() Wed Dec 18 11:22:38 2024 send socket:14 len:24
/usr/src/tcp_server.cpp:72 poll() Wed Dec 18 11:22:39 2024 EPOLLIN socket:15
/usr/src/tcp_socket.cpp:63 sendAndRecv() Wed Dec 18 11:22:39 2024 read socket:15 len:24 utime:1734520959336018073 ktime:1734520958835776000 diff:500242073
TCPServer::defaultRecvCallback() socket:15 len:24 rx:1734520958835776000
/usr/src/tcp_socket.cpp:77 sendAndRecv() Wed Dec 18 11:22:39 2024 send socket:15 len:47
TCPServer::defaultRecvFinishedCallback()
Sending TCPClient-[0] CLIENT-[0] : Sending 300
/usr/src/tcp_socket.cpp:63 sendAndRecv() Wed Dec 18 11:22:39 2024 read socket:6 len:47 utime:1734520959336161122 ktime:1734520957334447000 diff:2001714122
TCPSocket::defaultRecvCallback() socket:6 len:0 rx:1734520957334447000 msg:TCPServer received msg:CLIENT-[0] : Sending 200
/usr/src/tcp_socket.cpp:77 sendAndRecv() Wed Dec 18 11:22:39 2024 send socket:6 len:24
/usr/src/tcp_server.cpp:72 poll() Wed Dec 18 11:22:39 2024 EPOLLIN socket:7
/usr/src/tcp_socket.cpp:63 sendAndRecv() Wed Dec 18 11:22:39 2024 read socket:7 len:24 utime:1734520959836384510 ktime:1734520959336193000 diff:500191510
TCPServer::defaultRecvCallback() socket:7 len:24 rx:1734520959336193000
/usr/src/tcp_socket.cpp:77 sendAndRecv() Wed Dec 18 11:22:39 2024 send socket:7 len:47
TCPServer::defaultRecvFinishedCallback()
Sending TCPClient-[1] CLIENT-[1] : Sending 301
/usr/src/tcp_socket.cpp:63 sendAndRecv() Wed Dec 18 11:22:39 2024 read socket:8 len:47 utime:1734520959836558254 ktime:1734520957834860000 diff:2001698254
TCPSocket::defaultRecvCallback() socket:8 len:0 rx:1734520957834860000 msg:TCPServer received msg:CLIENT-[1] : Sending 201
/usr/src/tcp_socket.cpp:77 sendAndRecv() Wed Dec 18 11:22:39 2024 send socket:8 len:24
/usr/src/tcp_server.cpp:72 poll() Wed Dec 18 11:22:40 2024 EPOLLIN socket:9
/usr/src/tcp_socket.cpp:63 sendAndRecv() Wed Dec 18 11:22:40 2024 read socket:9 len:24 utime:1734520960336867979 ktime:1734520959836605000 diff:500262979
TCPServer::defaultRecvCallback() socket:9 len:24 rx:1734520959836605000
/usr/src/tcp_socket.cpp:77 sendAndRecv() Wed Dec 18 11:22:40 2024 send socket:9 len:47
TCPServer::defaultRecvFinishedCallback()
Sending TCPClient-[2] CLIENT-[2] : Sending 302
/usr/src/tcp_socket.cpp:63 sendAndRecv() Wed Dec 18 11:22:40 2024 read socket:10 len:47 utime:1734520960337008099 ktime:1734520958335237000 diff:2001771099
TCPSocket::defaultRecvCallback() socket:10 len:0 rx:1734520958335237000 msg:TCPServer received msg:CLIENT-[2] : Sending 202
/usr/src/tcp_socket.cpp:77 sendAndRecv() Wed Dec 18 11:22:40 2024 send socket:10 len:24
/usr/src/tcp_server.cpp:72 poll() Wed Dec 18 11:22:40 2024 EPOLLIN socket:11
/usr/src/tcp_socket.cpp:63 sendAndRecv() Wed Dec 18 11:22:40 2024 read socket:11 len:24 utime:1734520960837247982 ktime:1734520960337039000 diff:500208982
TCPServer::defaultRecvCallback() socket:11 len:24 rx:1734520960337039000
/usr/src/tcp_socket.cpp:77 sendAndRecv() Wed Dec 18 11:22:40 2024 send socket:11 len:47
TCPServer::defaultRecvFinishedCallback()
Sending TCPClient-[3] CLIENT-[3] : Sending 303
/usr/src/tcp_socket.cpp:63 sendAndRecv() Wed Dec 18 11:22:40 2024 read socket:12 len:47 utime:1734520960837378445 ktime:1734520958835661000 diff:2001717445
TCPSocket::defaultRecvCallback() socket:12 len:0 rx:1734520958835661000 msg:TCPServer received msg:CLIENT-[3] : Sending 203
/usr/src/tcp_socket.cpp:77 sendAndRecv() Wed Dec 18 11:22:40 2024 send socket:12 len:24
/usr/src/tcp_server.cpp:72 poll() Wed Dec 18 11:22:41 2024 EPOLLIN socket:13
/usr/src/tcp_socket.cpp:63 sendAndRecv() Wed Dec 18 11:22:41 2024 read socket:13 len:24 utime:1734520961337610967 ktime:1734520960837409000 diff:500201967
TCPServer::defaultRecvCallback() socket:13 len:24 rx:1734520960837409000
/usr/src/tcp_socket.cpp:77 sendAndRecv() Wed Dec 18 11:22:41 2024 send socket:13 len:47
TCPServer::defaultRecvFinishedCallback()
Sending TCPClient-[4] CLIENT-[4] : Sending 304
/usr/src/tcp_socket.cpp:63 sendAndRecv() Wed Dec 18 11:22:41 2024 read socket:14 len:47 utime:1734520961337722492 ktime:1734520959336085000 diff:2001637492
TCPSocket::defaultRecvCallback() socket:14 len:0 rx:1734520959336085000 msg:TCPServer received msg:CLIENT-[4] : Sending 204
/usr/src/tcp_socket.cpp:77 sendAndRecv() Wed Dec 18 11:22:41 2024 send socket:14 len:24
/usr/src/tcp_server.cpp:72 poll() Wed Dec 18 11:22:41 2024 EPOLLIN socket:15
/usr/src/tcp_socket.cpp:63 sendAndRecv() Wed Dec 18 11:22:41 2024 read socket:15 len:24 utime:1734520961837910973 ktime:1734520961337750000 diff:500160973
TCPServer::defaultRecvCallback() socket:15 len:24 rx:1734520961337750000
/usr/src/tcp_socket.cpp:77 sendAndRecv() Wed Dec 18 11:22:41 2024 send socket:15 len:47
TCPServer::defaultRecvFinishedCallback()
Sending TCPClient-[0] CLIENT-[0] : Sending 400
/usr/src/tcp_socket.cpp:63 sendAndRecv() Wed Dec 18 11:22:41 2024 read socket:6 len:47 utime:1734520961838028787 ktime:1734520959836465000 diff:2001563787
TCPSocket::defaultRecvCallback() socket:6 len:0 rx:1734520959836465000 msg:TCPServer received msg:CLIENT-[0] : Sending 300
/usr/src/tcp_socket.cpp:77 sendAndRecv() Wed Dec 18 11:22:41 2024 send socket:6 len:24
/usr/src/tcp_server.cpp:72 poll() Wed Dec 18 11:22:42 2024 EPOLLIN socket:7
/usr/src/tcp_socket.cpp:63 sendAndRecv() Wed Dec 18 11:22:42 2024 read socket:7 len:24 utime:1734520962338222803 ktime:1734520961838055000 diff:500167803
TCPServer::defaultRecvCallback() socket:7 len:24 rx:1734520961838055000
/usr/src/tcp_socket.cpp:77 sendAndRecv() Wed Dec 18 11:22:42 2024 send socket:7 len:47
TCPServer::defaultRecvFinishedCallback()
Sending TCPClient-[1] CLIENT-[1] : Sending 401
/usr/src/tcp_socket.cpp:63 sendAndRecv() Wed Dec 18 11:22:42 2024 read socket:8 len:47 utime:1734520962338337343 ktime:1734520960336929000 diff:2001408343
TCPSocket::defaultRecvCallback() socket:8 len:0 rx:1734520960336929000 msg:TCPServer received msg:CLIENT-[1] : Sending 301
/usr/src/tcp_socket.cpp:77 sendAndRecv() Wed Dec 18 11:22:42 2024 send socket:8 len:24
/usr/src/tcp_server.cpp:72 poll() Wed Dec 18 11:22:42 2024 EPOLLIN socket:9
/usr/src/tcp_socket.cpp:63 sendAndRecv() Wed Dec 18 11:22:42 2024 read socket:9 len:24 utime:1734520962838550288 ktime:1734520962338365000 diff:500185288
TCPServer::defaultRecvCallback() socket:9 len:24 rx:1734520962338365000
/usr/src/tcp_socket.cpp:77 sendAndRecv() Wed Dec 18 11:22:42 2024 send socket:9 len:47
TCPServer::defaultRecvFinishedCallback()
Sending TCPClient-[2] CLIENT-[2] : Sending 402
/usr/src/tcp_socket.cpp:63 sendAndRecv() Wed Dec 18 11:22:42 2024 read socket:10 len:47 utime:1734520962838664669 ktime:1734520960837313000 diff:2001351669
TCPSocket::defaultRecvCallback() socket:10 len:0 rx:1734520960837313000 msg:TCPServer received msg:CLIENT-[2] : Sending 302
/usr/src/tcp_socket.cpp:77 sendAndRecv() Wed Dec 18 11:22:42 2024 send socket:10 len:24
/usr/src/tcp_server.cpp:72 poll() Wed Dec 18 11:22:43 2024 EPOLLIN socket:11
/usr/src/tcp_socket.cpp:63 sendAndRecv() Wed Dec 18 11:22:43 2024 read socket:11 len:24 utime:1734520963338948378 ktime:1734520962838691000 diff:500257378
TCPServer::defaultRecvCallback() socket:11 len:24 rx:1734520962838691000
/usr/src/tcp_socket.cpp:77 sendAndRecv() Wed Dec 18 11:22:43 2024 send socket:11 len:47
TCPServer::defaultRecvFinishedCallback()
Sending TCPClient-[3] CLIENT-[3] : Sending 403
/usr/src/tcp_socket.cpp:63 sendAndRecv() Wed Dec 18 11:22:43 2024 read socket:12 len:47 utime:1734520963339092111 ktime:1734520961337668000 diff:2001424111
TCPSocket::defaultRecvCallback() socket:12 len:0 rx:1734520961337668000 msg:TCPServer received msg:CLIENT-[3] : Sending 303
/usr/src/tcp_socket.cpp:77 sendAndRecv() Wed Dec 18 11:22:43 2024 send socket:12 len:24
/usr/src/tcp_server.cpp:72 poll() Wed Dec 18 11:22:43 2024 EPOLLIN socket:13
/usr/src/tcp_socket.cpp:63 sendAndRecv() Wed Dec 18 11:22:43 2024 read socket:13 len:24 utime:1734520963839284377 ktime:1734520963339122000 diff:500162377
TCPServer::defaultRecvCallback() socket:13 len:24 rx:1734520963339122000
/usr/src/tcp_socket.cpp:77 sendAndRecv() Wed Dec 18 11:22:43 2024 send socket:13 len:47
TCPServer::defaultRecvFinishedCallback()
Sending TCPClient-[4] CLIENT-[4] : Sending 404
/usr/src/tcp_socket.cpp:63 sendAndRecv() Wed Dec 18 11:22:43 2024 read socket:14 len:47 utime:1734520963839392284 ktime:1734520961837966000 diff:2001426284
TCPSocket::defaultRecvCallback() socket:14 len:0 rx:1734520961837966000 msg:TCPServer received msg:CLIENT-[4] : Sending 304
/usr/src/tcp_socket.cpp:77 sendAndRecv() Wed Dec 18 11:22:43 2024 send socket:14 len:24
/usr/src/tcp_server.cpp:72 poll() Wed Dec 18 11:22:44 2024 EPOLLIN socket:15
/usr/src/tcp_socket.cpp:63 sendAndRecv() Wed Dec 18 11:22:44 2024 read socket:15 len:24 utime:1734520964339605576 ktime:1734520963839420000 diff:500185576
TCPServer::defaultRecvCallback() socket:15 len:24 rx:1734520963839420000
/usr/src/tcp_socket.cpp:77 sendAndRecv() Wed Dec 18 11:22:44 2024 send socket:15 len:47
TCPServer::defaultRecvFinishedCallback()
